<?xml version="1.0" encoding="UTF-8"?>
<!-- Generated by org.testng.reporters.JUnitReportReporter -->
<testsuite skipped="0" hostname="Akshays-MacBook-Pro-2.local" name="com.ui.automation.test.LoginTest" tests="2" failures="0" timestamp="13 Mar 2020 12:29:55 GMT" time="3.480" errors="0">
  <testcase name="login" time="2.025" classname="com.ui.automation.test.LoginTest"/>
  <testcase name="loginFail" time="1.455" classname="com.ui.automation.test.LoginTest"/>
</testsuite> <!-- com.ui.automation.test.LoginTest -->
