<?xml version="1.0" encoding="UTF-8"?>
<!-- Generated by org.testng.reporters.JUnitReportReporter -->
<testsuite skipped="0" hostname="akshays-mbp-2.corp.adobe.com" name="com.ui.automation.test.DemoTest" tests="1" failures="0" timestamp="09 Mar 2020 09:08:12 GMT" time="10.646" errors="0">
  <testcase name="demoClass" time="10.646" classname="com.ui.automation.test.DemoTest"/>
</testsuite> <!-- com.ui.automation.test.DemoTest -->
